Removed Pin From Net: NetName=NetBAT2_2 Pin=U5-6
Added Component: Designator=R32(TE_Connectivity_CRGCQ1210_IPC_A)
Added Component: Designator=R33(TE_Connectivity_CRGCQ1210_IPC_A)
Added Component: Designator=R34(TE_Connectivity_CRGCQ1210_IPC_A)
Added Pin To Net: NetName=NetBAT1_2 Pin=R32-2
Added Pin To Net: NetName=NetBAT2_2 Pin=R33-2
Added Pin To Net: NetName=NetBAT3_2 Pin=R34-2
Added Pin To Net: NetName=NetD2_1 Pin=R32-1
Added Net: Name=NetD2_1
Added Pin To Net: NetName=NetD2_2 Pin=Q1-2
Added Pin To Net: NetName=NetD2_2 Pin=R20-1
Added Net: Name=NetD2_2
Added Pin To Net: NetName=NetD3_1 Pin=R33-1
Added Net: Name=NetD3_1
Added Pin To Net: NetName=NetD3_2 Pin=Q2-2
Added Pin To Net: NetName=NetD3_2 Pin=R21-1
Added Net: Name=NetD3_2
Added Pin To Net: NetName=NetD4_1 Pin=R34-1
Added Net: Name=NetD4_1
Added Pin To Net: NetName=NetD4_2 Pin=Q3-2
Added Pin To Net: NetName=NetD4_2 Pin=R22-1
Added Net: Name=NetD4_2
Added Member To Class: ClassName=Batarey Member=Component R32 300
Added Member To Class: ClassName=Batarey Member=Component R33 300
Added Member To Class: ClassName=Batarey Member=Component R34 300
