Change Component Designator: Old Designator=BAT1 New Designator=BAT?
Change Component Designator: Old Designator=BAT2 New Designator=BAT?
Change Component Designator: Old Designator=BAT3 New Designator=BAT?
Change Component Designator: Old Designator=C24 New Designator=C?
Change Component Designator: Old Designator=C25 New Designator=C?
Change Component Designator: Old Designator=C26 New Designator=C?
Change Component Designator: Old Designator=C27 New Designator=C?
Change Component Designator: Old Designator=CN1 New Designator=CN?
Change Component Designator: Old Designator=CN2 New Designator=CN?
Change Component Designator: Old Designator=D4 New Designator=D?
Change Component Designator: Old Designator=Q17 New Designator=Q?
Change Component Designator: Old Designator=Q19 New Designator=Q?
Change Component Designator: Old Designator=Q23 New Designator=Q?
Change Component Designator: Old Designator=Q24 New Designator=Q?
Change Component Designator: Old Designator=Q25 New Designator=Q?
Change Component Designator: Old Designator=Q26 New Designator=Q?
Change Component Designator: Old Designator=R1 New Designator=R?
Change Component Designator: Old Designator=R2 New Designator=R?
Change Component Designator: Old Designator=R3 New Designator=R?
Change Component Designator: Old Designator=R4 New Designator=R?
Change Component Designator: Old Designator=R5 New Designator=R?
Change Component Designator: Old Designator=R6 New Designator=R?
Change Component Designator: Old Designator=R7 New Designator=R?
Change Component Designator: Old Designator=R8 New Designator=R?
Change Component Designator: Old Designator=R68 New Designator=R?
Change Component Designator: Old Designator=R74 New Designator=R?
Change Component Designator: Old Designator=R75 New Designator=R?
Change Component Designator: Old Designator=R76 New Designator=R?
Change Component Designator: Old Designator=R77 New Designator=R?
Change Component Designator: Old Designator=R78 New Designator=R?
Change Component Designator: Old Designator=R79 New Designator=R?
Change Component Designator: Old Designator=R80 New Designator=R?
Change Component Designator: Old Designator=R81 New Designator=R?
Change Component Designator: Old Designator=R82 New Designator=R?
Change Component Designator: Old Designator=R83 New Designator=R?
Change Component Designator: Old Designator=R84 New Designator=R?
Change Component Designator: Old Designator=R85 New Designator=R?
Change Component Designator: Old Designator=R86 New Designator=R?
Change Component Designator: Old Designator=R87 New Designator=R?
Change Component Designator: Old Designator=R88 New Designator=R?
Change Component Designator: Old Designator=R89 New Designator=R?
Change Component Designator: Old Designator=R90 New Designator=R?
Change Component Designator: Old Designator=R91 New Designator=R?
Change Component Designator: Old Designator=R92 New Designator=R?
Change Component Designator: Old Designator=R93 New Designator=R?
Change Component Designator: Old Designator=R94 New Designator=R?
Change Component Designator: Old Designator=R95 New Designator=R?
Change Component Designator: Old Designator=TP1 New Designator=TP?
Change Component Designator: Old Designator=TP2 New Designator=TP?
Change Component Designator: Old Designator=TP21 New Designator=TP?
Change Component Designator: Old Designator=TP22 New Designator=TP?
Change Component Designator: Old Designator=TP24 New Designator=TP?
Change Component Designator: Old Designator=TP25 New Designator=TP?
Change Component Designator: Old Designator=TP26 New Designator=TP?
Change Component Designator: Old Designator=TP27 New Designator=TP?
Change Component Designator: Old Designator=U8 New Designator=U?
Change Component Designator: Old Designator=U9 New Designator=U?
Change Component Designator: Old Designator=U10 New Designator=U?
Change Component Designator: Old Designator=U11 New Designator=U?
Change Component Designator: Old Designator=U12 New Designator=U?
Change Component Designator: Old Designator=U13 New Designator=U?
Change Component Designator: Old Designator=VT1 New Designator=VT?
Change Component Designator: Old Designator=VT2 New Designator=VT?
Change Component Designator: Old Designator=VT3 New Designator=VT?
Change Component Designator: Old Designator=VT4 New Designator=VT?
Change Component Designator: Old Designator=VT5 New Designator=VT?
Change Component Designator: Old Designator=VT6 New Designator=VT?
Change Component Designator: Old Designator=VT7 New Designator=VT?
Change Component Designator: Old Designator=VT8 New Designator=VT?
Change Component Designator: Old Designator=VT9 New Designator=VT?
Change Component Designator: Old Designator=VT10 New Designator=VT?
Change Component Designator: Old Designator=VT11 New Designator=VT?
Change Component Designator: Old Designator=VT22 New Designator=VT?
Change Component Designator: Old Designator=VT23 New Designator=VT?
Change Component Designator: Old Designator=VT24 New Designator=VT?
Change Component Designator: Old Designator=X1 New Designator=X?
