Added Component: Designator=VT12(TO-263-3)
Add component (AddParameter): Name = "ChannelType"; Value = "N-канальный"; VariantName = "[No Variations]"
Add component (AddParameter): Name = "ComponentDescription"; Value = "Транзистор МОП, одиночный, N-канальный, IPB60R600P6, TO-263-3"; VariantName = "[No Variations]"
Add component (AddParameter): Name = "ComponentType"; Value = "Транзистор МОП, одиночный"; VariantName = "[No Variations]"
Add component (AddParameter): Name = "Package"; Value = "TO-263-3"; VariantName = "[No Variations]"
Added Component: Designator=VT13(TO-263-3)
Add component (AddParameter): Name = "ChannelType"; Value = "N-канальный"; VariantName = "[No Variations]"
Add component (AddParameter): Name = "ComponentDescription"; Value = "Транзистор МОП, одиночный, N-канальный, IPB60R600P6, TO-263-3"; VariantName = "[No Variations]"
Add component (AddParameter): Name = "ComponentType"; Value = "Транзистор МОП, одиночный"; VariantName = "[No Variations]"
Add component (AddParameter): Name = "Package"; Value = "TO-263-3"; VariantName = "[No Variations]"
Added Component: Designator=VT14(TO-263-3)
Add component (AddParameter): Name = "ChannelType"; Value = "N-канальный"; VariantName = "[No Variations]"
Add component (AddParameter): Name = "ComponentDescription"; Value = "Транзистор МОП, одиночный, N-канальный, IPB60R600P6, TO-263-3"; VariantName = "[No Variations]"
Add component (AddParameter): Name = "ComponentType"; Value = "Транзистор МОП, одиночный"; VariantName = "[No Variations]"
Add component (AddParameter): Name = "Package"; Value = "TO-263-3"; VariantName = "[No Variations]"
Added Component: Designator=VT15(TO-263-3)
Add component (AddParameter): Name = "ChannelType"; Value = "N-канальный"; VariantName = "[No Variations]"
Add component (AddParameter): Name = "ComponentDescription"; Value = "Транзистор МОП, одиночный, N-канальный, IPB60R600P6, TO-263-3"; VariantName = "[No Variations]"
Add component (AddParameter): Name = "ComponentType"; Value = "Транзистор МОП, одиночный"; VariantName = "[No Variations]"
Add component (AddParameter): Name = "Package"; Value = "TO-263-3"; VariantName = "[No Variations]"
Added Component: Designator=VT16(TO-263-3)
Add component (AddParameter): Name = "ChannelType"; Value = "N-канальный"; VariantName = "[No Variations]"
Add component (AddParameter): Name = "ComponentDescription"; Value = "Транзистор МОП, одиночный, N-канальный, IPB60R600P6, TO-263-3"; VariantName = "[No Variations]"
Add component (AddParameter): Name = "ComponentType"; Value = "Транзистор МОП, одиночный"; VariantName = "[No Variations]"
Add component (AddParameter): Name = "Package"; Value = "TO-263-3"; VariantName = "[No Variations]"
Added Component: Designator=VT17(TO-263-3)
Add component (AddParameter): Name = "ChannelType"; Value = "N-канальный"; VariantName = "[No Variations]"
Add component (AddParameter): Name = "ComponentDescription"; Value = "Транзистор МОП, одиночный, N-канальный, IPB60R600P6, TO-263-3"; VariantName = "[No Variations]"
Add component (AddParameter): Name = "ComponentType"; Value = "Транзистор МОП, одиночный"; VariantName = "[No Variations]"
Add component (AddParameter): Name = "Package"; Value = "TO-263-3"; VariantName = "[No Variations]"
Added Component: Designator=VT18(TO-263-3)
Add component (AddParameter): Name = "ChannelType"; Value = "N-канальный"; VariantName = "[No Variations]"
Add component (AddParameter): Name = "ComponentDescription"; Value = "Транзистор МОП, одиночный, N-канальный, IPB60R600P6, TO-263-3"; VariantName = "[No Variations]"
Add component (AddParameter): Name = "ComponentType"; Value = "Транзистор МОП, одиночный"; VariantName = "[No Variations]"
Add component (AddParameter): Name = "Package"; Value = "TO-263-3"; VariantName = "[No Variations]"
Added Component: Designator=VT19(TO-263-3)
Add component (AddParameter): Name = "ChannelType"; Value = "N-канальный"; VariantName = "[No Variations]"
Add component (AddParameter): Name = "ComponentDescription"; Value = "Транзистор МОП, одиночный, N-канальный, IPB60R600P6, TO-263-3"; VariantName = "[No Variations]"
Add component (AddParameter): Name = "ComponentType"; Value = "Транзистор МОП, одиночный"; VariantName = "[No Variations]"
Add component (AddParameter): Name = "Package"; Value = "TO-263-3"; VariantName = "[No Variations]"
Added Component: Designator=VT20(TO-263-3)
Add component (AddParameter): Name = "ChannelType"; Value = "N-канальный"; VariantName = "[No Variations]"
Add component (AddParameter): Name = "ComponentDescription"; Value = "Транзистор МОП, одиночный, N-канальный, IPB60R600P6, TO-263-3"; VariantName = "[No Variations]"
Add component (AddParameter): Name = "ComponentType"; Value = "Транзистор МОП, одиночный"; VariantName = "[No Variations]"
Add component (AddParameter): Name = "Package"; Value = "TO-263-3"; VariantName = "[No Variations]"
Added Component: Designator=VT21(TO-263-3)
Add component (AddParameter): Name = "ChannelType"; Value = "N-канальный"; VariantName = "[No Variations]"
Add component (AddParameter): Name = "ComponentDescription"; Value = "Транзистор МОП, одиночный, N-канальный, IPB60R600P6, TO-263-3"; VariantName = "[No Variations]"
Add component (AddParameter): Name = "ComponentType"; Value = "Транзистор МОП, одиночный"; VariantName = "[No Variations]"
Add component (AddParameter): Name = "Package"; Value = "TO-263-3"; VariantName = "[No Variations]"
Added Member To Class: ClassName=Batarey Member=Component VT12 IPB60R600P6
Added Member To Class: ClassName=Batarey Member=Component VT13 IPB60R600P6
Added Member To Class: ClassName=Batarey Member=Component VT14 IPB60R600P6
Added Member To Class: ClassName=Batarey Member=Component VT15 IPB60R600P6
Added Member To Class: ClassName=Batarey Member=Component VT16 IPB60R600P6
Added Member To Class: ClassName=Batarey Member=Component VT17 IPB60R600P6
Added Member To Class: ClassName=Batarey Member=Component VT18 IPB60R600P6
Added Member To Class: ClassName=Batarey Member=Component VT19 IPB60R600P6
Added Member To Class: ClassName=Batarey Member=Component VT20 IPB60R600P6
Added Member To Class: ClassName=Batarey Member=Component VT21 IPB60R600P6
