Removed Member From Class: ClassName=Batarey Member=R68
Removed Member From Class: ClassName=Batarey Member=VT23
Change Component Designator: OldDesignator=C24 NewDesignator=C1
Change Component Designator: OldDesignator=C25 NewDesignator=C2
Change Component Designator: OldDesignator=C26 NewDesignator=C3
Change Component Designator: OldDesignator=C27 NewDesignator=C4
Change Component Designator: OldDesignator=D4 NewDesignator=D1
Change Component Designator: OldDesignator=Q17 NewDesignator=Q1
Change Component Designator: OldDesignator=Q19 NewDesignator=Q2
Change Component Designator: OldDesignator=Q23 NewDesignator=Q3
Change Component Designator: OldDesignator=Q24 NewDesignator=Q4
Change Component Designator: OldDesignator=Q25 NewDesignator=Q5
Change Component Designator: OldDesignator=Q26 NewDesignator=Q6
Change Component Designator: OldDesignator=R1 NewDesignator=R2
Change Component Designator: OldDesignator=R2 NewDesignator=R3
Change Component Designator: OldDesignator=R3 NewDesignator=R4
Change Component Designator: OldDesignator=R4 NewDesignator=R5
Change Component Designator: OldDesignator=R5 NewDesignator=R6
Change Component Designator: OldDesignator=R6 NewDesignator=R7
Change Component Designator: OldDesignator=R7 NewDesignator=R8
Change Component Designator: OldDesignator=R8 NewDesignator=R9
Change Component Designator: OldDesignator=R68 NewDesignator=R1
Change Component Designator: OldDesignator=R74 NewDesignator=R10
Change Component Designator: OldDesignator=R75 NewDesignator=R11
Change Component Designator: OldDesignator=R76 NewDesignator=R12
Change Component Designator: OldDesignator=R77 NewDesignator=R13
Change Component Designator: OldDesignator=R78 NewDesignator=R14
Change Component Designator: OldDesignator=R79 NewDesignator=R15
Change Component Designator: OldDesignator=R80 NewDesignator=R16
Change Component Designator: OldDesignator=R81 NewDesignator=R17
Change Component Designator: OldDesignator=R82 NewDesignator=R18
Change Component Designator: OldDesignator=R83 NewDesignator=R19
Change Component Designator: OldDesignator=R84 NewDesignator=R20
Change Component Designator: OldDesignator=R85 NewDesignator=R21
Change Component Designator: OldDesignator=R86 NewDesignator=R22
Change Component Designator: OldDesignator=R87 NewDesignator=R23
Change Component Designator: OldDesignator=R88 NewDesignator=R24
Change Component Designator: OldDesignator=R89 NewDesignator=R25
Change Component Designator: OldDesignator=R90 NewDesignator=R26
Change Component Designator: OldDesignator=R91 NewDesignator=R27
Change Component Designator: OldDesignator=R92 NewDesignator=R28
Change Component Designator: OldDesignator=R93 NewDesignator=R29
Change Component Designator: OldDesignator=R94 NewDesignator=R30
Change Component Designator: OldDesignator=R95 NewDesignator=R31
Change Component Designator: OldDesignator=TP21 NewDesignator=TP1
Change Component Designator: OldDesignator=TP22 NewDesignator=TP2
Change Component Designator: OldDesignator=TP24 NewDesignator=TP3
Change Component Designator: OldDesignator=TP25 NewDesignator=TP4
Change Component Designator: OldDesignator=TP26 NewDesignator=TP6
Change Component Designator: OldDesignator=TP27 NewDesignator=TP7
Change Component Designator: OldDesignator=U8 NewDesignator=U1
Change Component Designator: OldDesignator=U9 NewDesignator=U2
Change Component Designator: OldDesignator=U10 NewDesignator=U3
Change Component Designator: OldDesignator=U11 NewDesignator=U4
Change Component Designator: OldDesignator=U12 NewDesignator=U5
Change Component Designator: OldDesignator=U13 NewDesignator=U6
Change Component Designator: OldDesignator=VT11 NewDesignator=VT12
Change Component Designator: OldDesignator=VT22 NewDesignator=VT13
Change Component Designator: OldDesignator=VT23 NewDesignator=VT11
Change Component Designator: OldDesignator=VT24 NewDesignator=VT14
Added Component: Designator=TP5(Test_Point)
Added Component: Designator=TP8(Test_Point)
Added Pin To Net: NetName=NetBAT3_2 Pin=TP5-1
Added Pin To Net: NetName=NetBAT1_1 Pin=TP8-1
Change Net Name : Old Net Name=NetC24_1 New Net Name=NetC1_1
Change Net Name : Old Net Name=NetC25_1 New Net Name=NetC2_1
Change Net Name : Old Net Name=NetC26_1 New Net Name=NetC3_1
Change Net Name : Old Net Name=NetC27_2 New Net Name=NetC4_2
Change Net Name : Old Net Name=NetD4_1 New Net Name=NetD1_1
Change Net Name : Old Net Name=NetD4_2 New Net Name=NetD1_2
Change Net Name : Old Net Name=NetQ17_1 New Net Name=NetQ1_1
Change Net Name : Old Net Name=NetQ17_2 New Net Name=NetQ1_2
Change Net Name : Old Net Name=NetQ19_1 New Net Name=NetQ2_1
Change Net Name : Old Net Name=NetQ19_2 New Net Name=NetQ2_2
Change Net Name : Old Net Name=NetQ23_1 New Net Name=NetQ3_1
Change Net Name : Old Net Name=NetQ23_2 New Net Name=NetQ3_2
Change Net Name : Old Net Name=NetQ24_1 New Net Name=NetQ4_1
Change Net Name : Old Net Name=NetQ24_2 New Net Name=NetQ4_2
Change Net Name : Old Net Name=NetQ25_1 New Net Name=NetQ5_1
Change Net Name : Old Net Name=NetQ25_2 New Net Name=NetQ5_2
Change Net Name : Old Net Name=NetQ26_1 New Net Name=NetQ6_1
Change Net Name : Old Net Name=NetQ26_2 New Net Name=NetQ6_2
Change Net Name : Old Net Name=NetR1_2 New Net Name=NetR2_2
Change Net Name : Old Net Name=NetR2_2 New Net Name=NetR3_2
Change Net Name : Old Net Name=NetR3_2 New Net Name=NetR4_2
Change Net Name : Old Net Name=NetR4_1 New Net Name=NetR5_1
Change Net Name : Old Net Name=NetR74_2 New Net Name=NetR10_2
Change Net Name : Old Net Name=NetR75_2 New Net Name=NetR11_2
Change Net Name : Old Net Name=NetR76_2 New Net Name=NetR12_2
Change Net Name : Old Net Name=NetR77_2 New Net Name=NetR13_2
Change Net Name : Old Net Name=NetR78_2 New Net Name=NetR14_2
Change Net Name : Old Net Name=NetR79_2 New Net Name=NetR15_2
Change Net Name : Old Net Name=NetR80_2 New Net Name=NetR16_2
Change Net Name : Old Net Name=NetR81_1 New Net Name=NetR17_1
Change Net Name : Old Net Name=NetR81_2 New Net Name=NetR17_2
Change Net Name : Old Net Name=NetR82_2 New Net Name=NetR18_2
Change Net Name : Old Net Name=NetR87_1 New Net Name=NetR23_1
Change Net Name : Old Net Name=NetR88_1 New Net Name=NetR24_1
Change Net Name : Old Net Name=NetR91_2 New Net Name=NetR27_2
Change Net Name : Old Net Name=NetR93_2 New Net Name=NetR29_2
Change Net Name : Old Net Name=NetU8_6 New Net Name=NetU1_6
Change Net Name : Old Net Name=NetU9_6 New Net Name=NetU2_6
Change Net Name : Old Net Name=NetU10_6 New Net Name=NetU3_6
Added Member To Class: ClassName=Batarey Member=Component R9 100
Added Member To Class: ClassName=Batarey Member=Component TP5 Test_Point_PCB
Added Member To Class: ClassName=Batarey Member=Component TP8 Test_Point_PCB
Added Member To Class: ClassName=Batarey Member=Component VT12 IPB60R600P6
