Added Pin To Net: NetName=NetBAT1_1 Pin=CN1-1
Added Pin To Net: NetName=NetBAT1_1 Pin=CN2-1
Added Pin To Net: NetName=NetBAT1_1 Pin=TP25-1
Added Net: Name=NetBAT1_4
Added Pin To Net: NetName=NetBAT1_8 Pin=TP24-1
Added Net: Name=NetBAT1_8
Added Net: Name=NetBAT2_2
Added Net: Name=NetBAT3_2
Added Net: Name=NetC24_1
Added Net: Name=NetC25_1
Added Net: Name=NetC26_1
Added Net: Name=NetC27_2
Added Pin To Net: NetName=NetCN1_2 Pin=CN1-2
Added Pin To Net: NetName=NetCN1_2 Pin=CN2-2
Added Net: Name=NetCN1_2
Added Net: Name=NetD4_2
Added Net: Name=NetQ17_2
Added Net: Name=NetQ19_1
Added Net: Name=NetQ19_2
Added Net: Name=NetQ23_2
Added Net: Name=NetQ23_3
Added Net: Name=NetQ24_1
Added Net: Name=NetQ24_2
Added Net: Name=NetQ25_1
Added Net: Name=NetQ25_2
Added Net: Name=NetQ26_1
Added Net: Name=NetQ26_2
Added Net: Name=NetR1_1
Added Net: Name=NetR2_1
Added Net: Name=NetR3_1
Added Net: Name=NetR4_2
Added Net: Name=NetR74_2
Added Net: Name=NetR75_2
Added Net: Name=NetR76_2
Added Net: Name=NetR77_2
Added Net: Name=NetR78_2
Added Net: Name=NetR79_2
Added Net: Name=NetR80_2
Added Net: Name=NetR81_1
Added Net: Name=NetR81_2
Added Net: Name=NetR82_2
Added Net: Name=NetR87_1
Added Net: Name=NetR88_1
Added Net: Name=NetR91_2
Added Net: Name=NetR93_2
Added Net: Name=NetU8_6
Added Net: Name=NetU9_6
Added Net: Name=NetU10_6
Added Member To Class: ClassName=Batarey Member=Component CN1 BAT_CON
Added Member To Class: ClassName=Batarey Member=Component CN2 BAT_CON
Added Member To Class: ClassName=Batarey Member=Component TP24 Test_Point_PCB
Added Member To Class: ClassName=Batarey Member=Component TP25 Test_Point_PCB
